Virtual User Script started at : 2019-02-20 15:18:38
TruClient Replay (build 1053) for LoadRunner 12.60.0, build 0971. OS: Windows 10, Browser: Chromium 63.0.3239.132, initialized on 2019/02/20 at 15:18:38 (1550701118.389s)

Running Vuser...
Starting iteration 1.
t=00001656ms: Step 39: Navigate to "https://bludiamon.odoo.com/web/login" started    [MsgId: MMSG-205180]
t=00003576ms: Step 39: Navigate to https://bludiamon.odoo.com/web/login successfully completed with End Event "Step synchronous network completed"    [MsgId: MMSG-205180]
t=00003620ms: Step 40: Log in started    [MsgId: MMSG-205180]
t=00004131ms: Step 40.1: Click on Email textbox started    [MsgId: MMSG-205180]
t=00004754ms: Step 40.1: Click on Email textbox successfully completed with End Event "Action completed"    [MsgId: MMSG-205180]
t=00005264ms: Step 40.2: Type yakinilatha09@gmail.com in Email textbox started    [MsgId: MMSG-205180]
t=00014232ms: Step 40.2: Type yakinilatha09@gmail.com in Email textbox successfully completed with End Event "Action completed"    [MsgId: MMSG-205180]
t=00014743ms: Step 40.3: Click on Password passwordbox started    [MsgId: MMSG-205180]
t=00015348ms: Step 40.3: Click on Password passwordbox successfully completed with End Event "Action completed"    [MsgId: MMSG-205180]
t=00015854ms: Step 40.4: Type *********** in Password passwordbox started    [MsgId: MMSG-205180]
t=00019985ms: Step 40.4: Type *********** in Password passwordbox successfully completed with End Event "Action completed"    [MsgId: MMSG-205180]
t=00020504ms: Step 40.5: Click on Log in button started    [MsgId: MMSG-205180]
t=00021119ms: Step 40.5: Click on Log in button successfully completed with End Event "Action completed"    [MsgId: MMSG-205180]
t=00021127ms: Step 40: Log in successfully completed with End Event "Action completed"    [MsgId: MMSG-205180]
t=00021637ms: Step 42: Click on Sales link started    [MsgId: MMSG-205180]
t=00025450ms: Step 42: Click on Sales link successfully completed with End Event "Action completed"    [MsgId: MMSG-205180]
t=00025959ms: Step 44: Click on Create button started    [MsgId: MMSG-205180]
t=00027444ms: Step 44: Click on Create button successfully completed with End Event "Action completed"    [MsgId: MMSG-205180]
t=00027953ms: Step 49: Type Walgreens in Customer textbox started    [MsgId: MMSG-205180]
t=00031061ms: Step 49: Type Walgreens in Customer textbox successfully completed with End Event "Action completed"    [MsgId: MMSG-205180]
t=00031570ms: Step 50: Click on Customer Validity Payment...  started    [MsgId: MMSG-205180]
t=00031742ms: Step 50: Click on Customer Validity Payment...  successfully completed with End Event "Action completed"    [MsgId: MMSG-205180]
t=00032254ms: Step 52: Click on Create  started    [MsgId: MMSG-205180]
t=00032589ms: Step 52: Click on Create  successfully completed with End Event "Action completed"    [MsgId: MMSG-205180]
t=00033106ms: Step 54: Click on Validity textbox started    [MsgId: MMSG-205180]
t=00033453ms: Step 54: Click on Validity textbox successfully completed with End Event "Action completed"    [MsgId: MMSG-205180]
t=00033970ms: Step 56: Click on We / 27 gridcell started    [MsgId: MMSG-205180]
t=00034351ms: Step 56: Click on We / 27 gridcell successfully completed with End Event "Action completed"    [MsgId: MMSG-205180]
t=00034882ms: Step 58: Click on Payment Terms textbox started    [MsgId: MMSG-205180]
t=00035228ms: Step 58: Click on Payment Terms textbox successfully completed with End Event "Action completed"    [MsgId: MMSG-205180]
t=00035735ms: Step 60: Select 45 Days from Payment Terms listbox started    [MsgId: MMSG-205180]
t=00035901ms: Step 60: Select 45 Days from Payment Terms listbox successfully completed with End Event "Action completed"    [MsgId: MMSG-205180]
t=00036410ms: Step 62: Click on Add a product button started    [MsgId: MMSG-205180]
t=00036790ms: Step 62: Click on Add a product button successfully completed with End Event "Action completed"    [MsgId: MMSG-205180]
t=00037308ms: Step 64: Type Tylenol in Product / textbox started    [MsgId: MMSG-205180]
t=00039841ms: Step 64: Type Tylenol in Product / textbox successfully completed with End Event "Action completed"    [MsgId: MMSG-205180]
t=00040356ms: Step 66: Click on Unit Price / textbox started    [MsgId: MMSG-205180]
t=00040745ms: Step 66: Click on Unit Price / textbox successfully completed with End Event "Object Exists"    [MsgId: MMSG-205180]
t=00041260ms: Step 68: Click on Create  started    [MsgId: MMSG-205180]
t=00041608ms: Step 68: Click on Create  successfully completed with End Event "Action completed"    [MsgId: MMSG-205180]
t=00042113ms: Step 70: Click on Unit Price / textbox started    [MsgId: MMSG-205180]
t=00042484ms: Step 70: Click on Unit Price / textbox successfully completed with End Event "Action completed"    [MsgId: MMSG-205180]
t=00042999ms: Step 72: Type 10 in Unit Price / textbox started    [MsgId: MMSG-205180]
t=00043965ms: Step 72: Type 10 in Unit Price / textbox successfully completed with End Event "Action completed"    [MsgId: MMSG-205180]
t=00044486ms: Step 74: Click on Save button started    [MsgId: MMSG-205180]
t=00045077ms: Step 74: Click on Save button successfully completed with End Event "Object Exists"    [MsgId: MMSG-205180]
t=00045097ms: Step 77: Wait until Preview  exists started    [MsgId: MMSG-205180]
t=00045440ms: Step 77: Wait until Preview  exists successfully completed with End Event "Action completed"    [MsgId: MMSG-205180]
t=00045948ms: Step 78: Click on Preview  started    [MsgId: MMSG-205180]
t=00047545ms: Step 78: Click on Preview  successfully completed with End Event "Object Exists"    [MsgId: MMSG-205180]
t=00048054ms: Step 79: Click on Back to edit mode link started    [MsgId: MMSG-205180]
t=00052725ms: Step 79: Click on Back to edit mode link successfully completed with End Event "Object Exists"    [MsgId: MMSG-205180]
t=00053240ms: Step 81: Click on Confirm button started    [MsgId: MMSG-205180]
t=00054734ms: Step 81: Click on Confirm button successfully completed with End Event "Object Exists"    [MsgId: MMSG-205180]
t=00055239ms: Step 83: Click on Cancel button started    [MsgId: MMSG-205180]
t=00056670ms: Step 83: Click on Cancel button successfully completed with End Event "Object Exists"    [MsgId: MMSG-205180]
t=00057190ms: Step 85: Click on Set to Quotation  started    [MsgId: MMSG-205180]
t=00057552ms: Step 85: Click on Set to Quotation  successfully completed with End Event "Action completed"    [MsgId: MMSG-205180]
t=00058060ms: Step 87: Click on Print button started    [MsgId: MMSG-205180]
t=00058371ms: Step 87: Click on Print button successfully completed with End Event "Action completed"    [MsgId: MMSG-205180]
t=00058878ms: Step 90: Click on yakinilatha09@gmail.com button started    [MsgId: MMSG-205180]
t=00059257ms: Step 90: Click on yakinilatha09@gmail.com button successfully completed with End Event "Object Exists"    [MsgId: MMSG-205180]
t=00059772ms: Step 92: Click on Log out menuitem started    [MsgId: MMSG-205180]
t=00060113ms: Step 92: Click on Log out menuitem successfully completed with End Event "Action completed"    [MsgId: MMSG-205180]
Ending iteration 1.
Ending Vuser...
Vuser Terminated.
